{"level":"info","message":"Request received","method":"POST","requestId":"b90e0dbd-a31b-4864-b8e0-b85bcc45d744","timestamp":"2025-02-27T01:30:49.454Z","url":"/auth/google/token"}
{"level":"info","message":"Request received","method":"POST","requestId":"3f23d324-ce2a-4870-adc8-17e955853248","timestamp":"2025-02-27T01:30:50.027Z","url":"/refresh-token"}
{"level":"info","message":"Request received","method":"POST","requestId":"af0fbf33-72bd-4acb-8a99-5dade2e74089","timestamp":"2025-02-27T01:30:50.311Z","url":"/auth/google/token"}
{"level":"info","message":"Request received","method":"GET","requestId":"e58d2185-fc9f-46e4-b339-1e3684eab5cd","timestamp":"2025-02-27T01:30:50.458Z","url":"/get-user/117150559798746952375"}
{"level":"info","message":"Request received","method":"GET","requestId":"5eb108fe-9ee5-4af3-b1f6-efb8f00e9462","timestamp":"2025-02-27T01:30:51.012Z","url":"/get-last-item-updated-timestamp"}
{"level":"info","message":"Request received","method":"GET","requestId":"6a600221-ba69-42b5-86d2-52a97d1d9f31","timestamp":"2025-02-27T01:30:51.069Z","url":"/get-last-item-updated-timestamp"}
{"level":"info","message":"Request received","method":"POST","requestId":"08a6bb99-c4c8-44e9-a704-bda32e9f548f","timestamp":"2025-02-27T01:30:51.301Z","url":"/refresh-token"}
{"level":"info","message":"Request received","method":"POST","requestId":"1ec05746-5e9f-4304-8ecc-3655f0dde915","timestamp":"2025-02-27T01:30:51.356Z","url":"/refresh-token"}
{"level":"info","message":"Request received","method":"GET","requestId":"c857292e-cb4d-4cd6-88d7-ae26984d82c9","timestamp":"2025-02-27T01:30:51.590Z","url":"/get-last-item-updated-timestamp"}
{"level":"info","message":"Request received","method":"GET","requestId":"4ad3fabd-6592-4c56-9156-32e8895659d6","timestamp":"2025-02-27T01:30:51.640Z","url":"/get-last-item-updated-timestamp"}
{"level":"info","message":"Request received","method":"GET","requestId":"508e839e-c41f-4a4e-96e1-214883ae73f9","timestamp":"2025-02-27T01:30:52.085Z","url":"/get-last-item-updated-timestamp"}
{"level":"info","message":"Request received","method":"GET","requestId":"b7182e2b-713e-4628-a75a-718e44cd886f","timestamp":"2025-02-27T01:30:52.110Z","url":"/image-data?userId=117150559798746952375"}
{"level":"info","message":"Request received","method":"GET","requestId":"92faa16a-d6ce-4b4a-be3d-45b4a764757d","timestamp":"2025-02-27T01:30:52.142Z","url":"/image-data?userId=117150559798746952375"}
{"level":"info","message":"Request received","method":"GET","requestId":"5275f11c-fe02-47d3-a6f0-e86112e2eee2","timestamp":"2025-02-27T01:30:52.189Z","url":"/get-last-item-updated-timestamp"}
{"level":"info","message":"Request received","method":"POST","requestId":"5ffa6cad-ade4-4d92-9b9b-2bf274d6fdb6","timestamp":"2025-02-27T01:30:52.364Z","url":"/refresh-token"}
{"level":"info","message":"Request received","method":"POST","requestId":"09bd85f3-12f8-4cd8-8dc2-653e5de16e46","timestamp":"2025-02-27T01:30:52.389Z","url":"/refresh-token"}
{"level":"info","message":"Request received","method":"POST","requestId":"8ac47b1d-b318-4e88-a3ed-0b905253fee4","timestamp":"2025-02-27T01:30:52.421Z","url":"/refresh-token"}
{"level":"info","message":"Request received","method":"POST","requestId":"10f051a3-4e5d-448a-ba17-a870f9e0a86f","timestamp":"2025-02-27T01:30:52.469Z","url":"/refresh-token"}
{"level":"info","message":"Request received","method":"GET","requestId":"0d36afe6-441b-43c0-b08e-32aa2499dc8a","timestamp":"2025-02-27T01:30:52.645Z","url":"/get-last-item-updated-timestamp"}
{"level":"info","message":"Request received","method":"GET","requestId":"1a6a98c0-2d5b-4454-8805-2946be07700e","timestamp":"2025-02-27T01:30:52.670Z","url":"/image-data?userId=117150559798746952375"}
{"level":"info","message":"Request received","method":"GET","requestId":"ee84cbd8-8249-403b-9c5f-3e94dafc0147","timestamp":"2025-02-27T01:30:52.703Z","url":"/image-data?userId=117150559798746952375"}
{"level":"info","message":"Request received","method":"GET","requestId":"3d16e22b-ef6a-4716-aa58-ae969e5656cb","timestamp":"2025-02-27T01:30:52.748Z","url":"/get-last-item-updated-timestamp"}
{"level":"info","message":"Server is running on http://localhost:5000","timestamp":"2025-02-27T01:34:06.931Z"}
{"level":"info","message":"ClamAV initialized successfully on Windows!","timestamp":"2025-02-27T01:34:06.946Z"}
{"level":"info","message":"Server is running on http://localhost:5000","timestamp":"2025-02-27T01:34:57.657Z"}
{"level":"info","message":"ClamAV initialized successfully on Windows!","timestamp":"2025-02-27T01:34:57.676Z"}
{"level":"info","message":"Server is running on http://localhost:5000","timestamp":"2025-02-27T01:35:11.124Z"}
{"level":"info","message":"ClamAV initialized successfully on Windows!","timestamp":"2025-02-27T01:35:11.142Z"}
{"level":"info","message":"Server is running on http://localhost:5000","timestamp":"2025-02-27T01:35:30.593Z"}
{"level":"info","message":"ClamAV initialized successfully on Windows!","timestamp":"2025-02-27T01:35:30.606Z"}
{"level":"info","message":"Server is running on http://localhost:5000","timestamp":"2025-02-27T01:36:06.496Z"}
{"level":"info","message":"ClamAV initialized successfully on Windows!","timestamp":"2025-02-27T01:36:06.515Z"}
{"level":"info","message":"Server is running on http://localhost:5000","timestamp":"2025-02-27T01:36:49.682Z"}
{"level":"info","message":"ClamAV initialized successfully on Windows!","timestamp":"2025-02-27T01:36:49.700Z"}
{"level":"info","message":"Server is running on http://localhost:5000","timestamp":"2025-02-27T01:37:21.619Z"}
{"level":"info","message":"ClamAV initialized successfully on Windows!","timestamp":"2025-02-27T01:37:21.639Z"}
{"level":"info","message":"Server is running on http://localhost:5000","timestamp":"2025-02-27T01:37:41.566Z"}
{"level":"info","message":"ClamAV initialized successfully on Windows!","timestamp":"2025-02-27T01:37:41.581Z"}
{"level":"info","message":"Request received","method":"POST","requestId":"113e9d78-3669-47b4-b688-c160cf6ef12c","timestamp":"2025-02-27T01:37:51.040Z","url":"/auth/google/token"}
{"level":"info","message":"Request received","method":"GET","requestId":"8de3f199-63ba-43c4-9720-14a28e72bc7c","timestamp":"2025-02-27T01:37:51.199Z","url":"/get-user/117150559798746952375"}
{"level":"info","message":"Successfully got data for 117150559798746952375: [object Object]","timestamp":"2025-02-27T01:37:51.455Z"}
{"level":"info","message":"Request received","method":"GET","requestId":"3893b589-1ff2-4faa-9896-960185e44734","timestamp":"2025-02-27T01:37:51.765Z","url":"/get-last-item-updated-timestamp"}
{"level":"info","message":"Request received","method":"GET","requestId":"7520624d-6081-4e7d-b06b-7d89e14fec61","timestamp":"2025-02-27T01:37:51.796Z","url":"/get-last-item-updated-timestamp"}
{"level":"info","message":"Successfully got data for 117150559798746952375: [object Object]","timestamp":"2025-02-27T01:37:51.990Z"}
{"level":"info","message":"TIMESTMPA","timestamp":"2025-02-27T01:37:51.991Z"}
{"level":"info","message":"Successfully got data for 117150559798746952375: [object Object]","timestamp":"2025-02-27T01:37:52.028Z"}
{"level":"info","message":"TIMESTMPA","timestamp":"2025-02-27T01:37:52.029Z"}
{"level":"info","message":"Request received","method":"GET","requestId":"89e5a087-7d44-47b3-83e2-4f18ad2f0de2","timestamp":"2025-02-27T01:37:52.269Z","url":"/image-data?userId=117150559798746952375"}
{"level":"info","message":"Request received","method":"GET","requestId":"da164d32-c779-431c-9cf9-095d9bfbcc15","timestamp":"2025-02-27T01:37:52.280Z","url":"/get-last-item-updated-timestamp"}
{"level":"info","message":"Request received","method":"GET","requestId":"a28a27bc-6ea2-4ad9-b39d-59a820c2a1fe","timestamp":"2025-02-27T01:37:52.325Z","url":"/get-last-item-updated-timestamp"}
{"level":"info","message":"Request received","method":"GET","requestId":"21baf4b7-58e3-4aa0-9eb5-b82f14dc587c","timestamp":"2025-02-27T01:37:52.355Z","url":"/image-data?userId=117150559798746952375"}
{"level":"info","message":"Successfully got data for 117150559798746952375: [object Object],[object Object],[object Object],[object Object],[object Object],[object Object]","timestamp":"2025-02-27T01:37:52.479Z"}
{"level":"info","message":"Successfully got data for 117150559798746952375: [object Object]","timestamp":"2025-02-27T01:37:52.495Z"}
{"level":"info","message":"TIMESTMPA","timestamp":"2025-02-27T01:37:52.496Z"}
{"level":"info","message":"Successfully got data for 117150559798746952375: [object Object]","timestamp":"2025-02-27T01:37:52.533Z"}
{"level":"info","message":"TIMESTMPA","timestamp":"2025-02-27T01:37:52.534Z"}
{"level":"info","message":"Successfully got data for 117150559798746952375: [object Object],[object Object],[object Object],[object Object],[object Object],[object Object]","timestamp":"2025-02-27T01:37:52.564Z"}
{"level":"info","message":"Server is running on http://localhost:5000","timestamp":"2025-02-27T01:38:21.089Z"}
{"level":"info","message":"ClamAV initialized successfully on Windows!","timestamp":"2025-02-27T01:38:21.110Z"}
{"level":"info","message":"Server is running on http://localhost:5000","timestamp":"2025-02-27T01:40:01.427Z"}
{"level":"info","message":"ClamAV initialized successfully on Windows!","timestamp":"2025-02-27T01:40:01.439Z"}
{"level":"info","message":"Server is running on http://localhost:5000","timestamp":"2025-02-27T01:40:56.206Z"}
{"level":"info","message":"ClamAV initialized successfully on Windows!","timestamp":"2025-02-27T01:40:56.220Z"}
{"level":"info","message":"Request received","method":"POST","requestId":"a20c870d-b0bd-4d4d-ad95-ee40e948a9e4","timestamp":"2025-02-27T01:43:54.129Z","url":"/auth/google/token"}
{"level":"info","message":"Request received","method":"GET","requestId":"8f027d27-8ab0-4f1d-aea4-bb23e9fecb32","timestamp":"2025-02-27T01:43:54.424Z","url":"/get-user/117150559798746952375"}
{"level":"info","message":"Successfully got data for 117150559798746952375: [object Object]","timestamp":"2025-02-27T01:43:54.675Z"}
{"level":"info","message":"Request received","method":"GET","requestId":"7e089edd-56a5-4c02-9fde-5ecd87524147","timestamp":"2025-02-27T01:43:54.956Z","url":"/get-last-item-updated-timestamp"}
{"level":"info","message":"Request received","method":"GET","requestId":"113e60f1-5dca-47ab-bda3-cbd8c2645534","timestamp":"2025-02-27T01:43:55.007Z","url":"/get-last-item-updated-timestamp"}
{"level":"info","message":"Successfully got data for 117150559798746952375: [object Object]","timestamp":"2025-02-27T01:43:55.166Z"}
{"level":"info","message":"TIMESTMPA","timestamp":"2025-02-27T01:43:55.167Z"}
{"level":"info","message":"Successfully got data for 117150559798746952375: [object Object]","timestamp":"2025-02-27T01:43:55.216Z"}
{"level":"info","message":"TIMESTMPA","timestamp":"2025-02-27T01:43:55.217Z"}
{"level":"info","message":"Request received","method":"GET","requestId":"cb497a32-4cbb-4f83-bb9b-00c34f225f7d","timestamp":"2025-02-27T01:43:55.477Z","url":"/get-last-item-updated-timestamp"}
{"level":"info","message":"Request received","method":"GET","requestId":"e01c4d33-a0ec-4ccd-b827-970c9dbf330f","timestamp":"2025-02-27T01:43:55.482Z","url":"/image-data?userId=117150559798746952375"}
{"level":"info","message":"Request received","method":"GET","requestId":"75aaa4e9-9c3c-41f2-885a-0b736033d66f","timestamp":"2025-02-27T01:43:55.553Z","url":"/image-data?userId=117150559798746952375"}
{"level":"info","message":"Request received","method":"GET","requestId":"28c49255-50c9-4230-b67f-5ac8e264f40f","timestamp":"2025-02-27T01:43:55.555Z","url":"/get-last-item-updated-timestamp"}
{"level":"info","message":"Successfully got data for 117150559798746952375: [object Object],[object Object],[object Object],[object Object],[object Object],[object Object]","timestamp":"2025-02-27T01:43:55.685Z"}
{"level":"info","message":"Successfully got data for 117150559798746952375: [object Object]","timestamp":"2025-02-27T01:43:55.702Z"}
{"level":"info","message":"TIMESTMPA","timestamp":"2025-02-27T01:43:55.704Z"}
{"level":"info","message":"Successfully got data for 117150559798746952375: [object Object]","timestamp":"2025-02-27T01:43:55.767Z"}
{"level":"info","message":"TIMESTMPA","timestamp":"2025-02-27T01:43:55.768Z"}
{"level":"info","message":"Successfully got data for 117150559798746952375: [object Object],[object Object],[object Object],[object Object],[object Object],[object Object]","timestamp":"2025-02-27T01:43:55.769Z"}
{"level":"info","message":"Request received","method":"DELETE","requestId":"4af4c939-eea8-45e8-a78d-7d7020364ec9","timestamp":"2025-02-27T01:44:13.211Z","url":"/delete-image-data?userId=117150559798746952375"}
{"level":"info","message":"Uploaded","timestamp":"2025-02-27T01:44:13.441Z"}
{"0":{"Key":"1740518086096-IMG_0805.jpg"},"level":"info","message":"Successfully deleted s3 object:","timestamp":"2025-02-27T01:44:13.816Z"}
{"level":"info","message":"Request received","method":"POST","requestId":"598dcf7c-e08b-4ca1-a8b3-ddcf2a983305","timestamp":"2025-02-27T01:44:52.002Z","url":"/auth/google/token"}
{"level":"info","message":"Request received","method":"GET","requestId":"dd59c9db-2213-4062-aec7-2ee450920476","timestamp":"2025-02-27T01:44:52.290Z","url":"/get-user/117150559798746952375"}
{"level":"info","message":"Successfully got data for 117150559798746952375: [object Object]","timestamp":"2025-02-27T01:44:52.571Z"}
{"level":"info","message":"Request received","method":"GET","requestId":"1f3aade7-35b6-4b81-9aca-052ab4908cd4","timestamp":"2025-02-27T01:44:52.855Z","url":"/get-last-item-updated-timestamp"}
{"level":"info","message":"Request received","method":"GET","requestId":"76c84402-60b3-451f-a41c-8066b2a9dcf4","timestamp":"2025-02-27T01:44:52.905Z","url":"/get-last-item-updated-timestamp"}
{"level":"info","message":"Successfully got data for 117150559798746952375: [object Object]","timestamp":"2025-02-27T01:44:53.100Z"}
{"level":"info","message":"TIMESTMPA","timestamp":"2025-02-27T01:44:53.101Z"}
{"level":"info","message":"Successfully got data for 117150559798746952375: [object Object]","timestamp":"2025-02-27T01:44:53.143Z"}
{"level":"info","message":"TIMESTMPA","timestamp":"2025-02-27T01:44:53.143Z"}
{"level":"info","message":"Request received","method":"GET","requestId":"9448e715-765d-4235-be22-7ca347e1a897","timestamp":"2025-02-27T01:44:53.387Z","url":"/image-data?userId=117150559798746952375"}
{"level":"info","message":"Request received","method":"GET","requestId":"c3458b07-417b-4d11-9a6d-c25907a77bb5","timestamp":"2025-02-27T01:44:53.403Z","url":"/get-last-item-updated-timestamp"}
{"level":"info","message":"Request received","method":"GET","requestId":"7ef9cad8-8136-4994-976a-f653279f4cad","timestamp":"2025-02-27T01:44:53.456Z","url":"/image-data?userId=117150559798746952375"}
{"level":"info","message":"Request received","method":"GET","requestId":"de809ad1-604f-4cad-801b-c2ed1241ab68","timestamp":"2025-02-27T01:44:53.479Z","url":"/get-last-item-updated-timestamp"}
{"level":"info","message":"Successfully got data for 117150559798746952375: [object Object],[object Object],[object Object],[object Object],[object Object]","timestamp":"2025-02-27T01:44:53.626Z"}
{"level":"info","message":"Successfully got data for 117150559798746952375: [object Object]","timestamp":"2025-02-27T01:44:53.647Z"}
{"level":"info","message":"TIMESTMPA","timestamp":"2025-02-27T01:44:53.647Z"}
{"level":"info","message":"Successfully got data for 117150559798746952375: [object Object],[object Object],[object Object],[object Object],[object Object]","timestamp":"2025-02-27T01:44:53.699Z"}
{"level":"info","message":"Successfully got data for 117150559798746952375: [object Object]","timestamp":"2025-02-27T01:44:53.717Z"}
{"level":"info","message":"TIMESTMPA","timestamp":"2025-02-27T01:44:53.718Z"}
{"level":"info","message":"Server is running on http://localhost:5000","timestamp":"2025-02-27T01:45:38.688Z"}
{"level":"info","message":"ClamAV initialized successfully on Windows!","timestamp":"2025-02-27T01:45:38.704Z"}
{"level":"info","message":"Server is running on http://localhost:5000","timestamp":"2025-02-27T01:46:05.379Z"}
{"level":"info","message":"ClamAV initialized successfully on Windows!","timestamp":"2025-02-27T01:46:05.395Z"}
{"level":"info","message":"Request received","method":"POST","requestId":"755721ea-6787-4508-aecd-335d376b5fe7","timestamp":"2025-02-27T01:46:10.097Z","url":"/auth/google/token"}
{"level":"info","message":"Request received","method":"GET","requestId":"470b32af-cba8-4642-81d9-aab70998055b","timestamp":"2025-02-27T01:46:10.390Z","url":"/get-user/117150559798746952375"}
{"level":"info","message":"Successfully got data for 117150559798746952375: [object Object]","timestamp":"2025-02-27T01:46:10.668Z"}
{"level":"info","message":"Request received","method":"GET","requestId":"b194c28d-6881-4ce6-a9e7-08a80393ca88","timestamp":"2025-02-27T01:46:10.952Z","url":"/get-last-item-updated-timestamp"}
{"level":"info","message":"Request received","method":"GET","requestId":"76f7b1d0-afd4-464d-9566-619d51ed7065","timestamp":"2025-02-27T01:46:11.006Z","url":"/get-last-item-updated-timestamp"}
{"level":"info","message":"Successfully got data for 117150559798746952375: [object Object]","timestamp":"2025-02-27T01:46:11.193Z"}
{"level":"info","message":"TIMESTMPA","timestamp":"2025-02-27T01:46:11.194Z"}
{"level":"info","message":"Successfully got data for 117150559798746952375: [object Object]","timestamp":"2025-02-27T01:46:11.244Z"}
{"level":"info","message":"TIMESTMPA","timestamp":"2025-02-27T01:46:11.245Z"}
{"level":"info","message":"Request received","method":"GET","requestId":"f8cf9bae-becd-4ce3-ad03-1cdb7bcf7357","timestamp":"2025-02-27T01:46:11.474Z","url":"/get-last-item-updated-timestamp"}
{"level":"info","message":"Request received","method":"GET","requestId":"c2cf37b7-2d31-40f2-8e68-87cdb86cb09c","timestamp":"2025-02-27T01:46:11.501Z","url":"/image-data?userId=117150559798746952375"}
{"level":"info","message":"Request received","method":"GET","requestId":"893b060f-26c2-474f-989a-bef04f194f1c","timestamp":"2025-02-27T01:46:11.529Z","url":"/image-data?userId=117150559798746952375"}
{"level":"info","message":"Request received","method":"GET","requestId":"cf634958-1608-4983-a1b4-66b0ba0750f5","timestamp":"2025-02-27T01:46:11.575Z","url":"/get-last-item-updated-timestamp"}
{"level":"info","message":"Successfully got data for 117150559798746952375: [object Object]","timestamp":"2025-02-27T01:46:11.716Z"}
{"level":"info","message":"TIMESTMPA","timestamp":"2025-02-27T01:46:11.717Z"}
{"level":"info","message":"Successfully got data for 117150559798746952375: [object Object],[object Object],[object Object],[object Object],[object Object]","timestamp":"2025-02-27T01:46:11.745Z"}
{"level":"info","message":"Successfully got data for 117150559798746952375: [object Object],[object Object],[object Object],[object Object],[object Object]","timestamp":"2025-02-27T01:46:11.776Z"}
{"level":"info","message":"Successfully got data for 117150559798746952375: [object Object]","timestamp":"2025-02-27T01:46:11.824Z"}
{"level":"info","message":"TIMESTMPA","timestamp":"2025-02-27T01:46:11.825Z"}
{"level":"info","message":"Server is running on http://localhost:5000","timestamp":"2025-02-27T01:47:52.546Z"}
{"level":"info","message":"ClamAV initialized successfully on Windows!","timestamp":"2025-02-27T01:47:52.559Z"}
{"level":"info","message":"Server is running on http://localhost:5000","timestamp":"2025-02-27T01:48:20.961Z"}
{"level":"info","message":"ClamAV initialized successfully on Windows!","timestamp":"2025-02-27T01:48:20.991Z"}
{"level":"info","message":"Request received","method":"POST","requestId":"064595c6-af38-4ca1-a902-e3c33c801af4","timestamp":"2025-02-27T01:48:22.653Z","url":"/auth/google/token"}
{"level":"info","message":"Request received","method":"GET","requestId":"779f2ae8-cb3f-4216-9f8e-cc09939bf8b0","timestamp":"2025-02-27T01:48:22.984Z","url":"/get-user/117150559798746952375"}
{"level":"info","message":"Successfully got data for 117150559798746952375","timestamp":"2025-02-27T01:48:23.273Z"}
{"level":"info","message":"Request received","method":"GET","requestId":"8a8c5a5d-463f-4ee8-8e50-710c442a6b45","timestamp":"2025-02-27T01:48:23.615Z","url":"/get-last-item-updated-timestamp"}
{"level":"info","message":"Request received","method":"GET","requestId":"d69b2bd1-6f41-4cec-ab37-610c7a0782b4","timestamp":"2025-02-27T01:48:23.661Z","url":"/get-last-item-updated-timestamp"}
{"level":"info","message":"Successfully got data for 117150559798746952375","timestamp":"2025-02-27T01:48:23.860Z"}
{"level":"info","message":"TIMESTMPA","timestamp":"2025-02-27T01:48:23.860Z"}
{"level":"info","message":"Successfully got data for 117150559798746952375","timestamp":"2025-02-27T01:48:23.903Z"}
{"level":"info","message":"TIMESTMPA","timestamp":"2025-02-27T01:48:23.904Z"}
{"level":"info","message":"Request received","method":"GET","requestId":"d548e7df-6e45-44f2-84a4-97015451ab91","timestamp":"2025-02-27T01:48:24.177Z","url":"/image-data?userId=117150559798746952375"}
{"level":"info","message":"Request received","method":"GET","requestId":"935cee3b-4cff-4f96-964a-13ee78bdad3f","timestamp":"2025-02-27T01:48:24.219Z","url":"/get-last-item-updated-timestamp"}
{"level":"info","message":"Request received","method":"GET","requestId":"4e80d168-643c-4065-8627-7d7f46dba0f2","timestamp":"2025-02-27T01:48:24.259Z","url":"/image-data?userId=117150559798746952375"}
{"level":"info","message":"Request received","method":"GET","requestId":"45d797cc-9f74-439a-a568-a3a31c869305","timestamp":"2025-02-27T01:48:24.302Z","url":"/get-last-item-updated-timestamp"}
{"level":"info","message":"Successfully got data for 117150559798746952375","timestamp":"2025-02-27T01:48:24.474Z"}
{"level":"info","message":"Successfully got data for 117150559798746952375","timestamp":"2025-02-27T01:48:24.504Z"}
{"level":"info","message":"TIMESTMPA","timestamp":"2025-02-27T01:48:24.505Z"}
{"level":"info","message":"Successfully got data for 117150559798746952375","timestamp":"2025-02-27T01:48:24.544Z"}
{"level":"info","message":"TIMESTMPA","timestamp":"2025-02-27T01:48:24.545Z"}
{"level":"info","message":"Successfully got data for 117150559798746952375","timestamp":"2025-02-27T01:48:24.552Z"}
{"level":"info","message":"Server is running on http://localhost:5000","timestamp":"2025-02-27T01:48:50.461Z"}
{"level":"info","message":"ClamAV initialized successfully on Windows!","timestamp":"2025-02-27T01:48:50.473Z"}
{"level":"info","message":"Request received","method":"POST","requestId":"8449ec78-31e9-4151-8213-3e6c6c995d3c","requestedBy":"kevinman003@gmail.com","timestamp":"2025-02-27T01:48:55.234Z","url":"/auth/google/token"}
{"level":"info","message":"Request received","method":"GET","requestId":"228dec27-92a6-461d-8861-c62aa8a5d405","requestedBy":"kevinman003@gmail.com","timestamp":"2025-02-27T01:48:55.570Z","url":"/get-user/117150559798746952375"}
{"level":"info","message":"Successfully got data for 117150559798746952375","timestamp":"2025-02-27T01:48:55.871Z"}
{"level":"info","message":"Request received","method":"GET","requestId":"e0bdca18-969a-4e55-ba08-c5d5e478f9d6","requestedBy":"kevinman003@gmail.com","timestamp":"2025-02-27T01:48:56.214Z","url":"/get-last-item-updated-timestamp"}
{"level":"info","message":"Request received","method":"GET","requestId":"8b153057-3635-4d1f-999f-7efe333bc053","requestedBy":"kevinman003@gmail.com","timestamp":"2025-02-27T01:48:56.263Z","url":"/get-last-item-updated-timestamp"}
{"level":"info","message":"Successfully got data for 117150559798746952375","timestamp":"2025-02-27T01:48:56.447Z"}
{"level":"info","message":"TIMESTMPA","timestamp":"2025-02-27T01:48:56.447Z"}
{"level":"info","message":"Successfully got data for 117150559798746952375","timestamp":"2025-02-27T01:48:56.509Z"}
{"level":"info","message":"TIMESTMPA","timestamp":"2025-02-27T01:48:56.510Z"}
{"level":"info","message":"Request received","method":"GET","requestId":"b9a6535c-f012-4a02-9ffc-edcef7e3f408","requestedBy":"kevinman003@gmail.com","timestamp":"2025-02-27T01:48:56.763Z","url":"/image-data?userId=117150559798746952375"}
{"level":"info","message":"Request received","method":"GET","requestId":"3f9aa25e-ef29-4c7e-9ff2-7a7f4c1ea144","requestedBy":"kevinman003@gmail.com","timestamp":"2025-02-27T01:48:56.803Z","url":"/get-last-item-updated-timestamp"}
{"level":"info","message":"Request received","method":"GET","requestId":"bd4d48a9-62f7-4a67-9743-9db27ea06c70","requestedBy":"kevinman003@gmail.com","timestamp":"2025-02-27T01:48:56.841Z","url":"/get-last-item-updated-timestamp"}
{"level":"info","message":"Request received","method":"GET","requestId":"c5b0f397-c78b-43fe-b18f-2c116281df6c","requestedBy":"kevinman003@gmail.com","timestamp":"2025-02-27T01:48:56.879Z","url":"/image-data?userId=117150559798746952375"}
{"level":"info","message":"Successfully got data for 117150559798746952375","timestamp":"2025-02-27T01:48:57.055Z"}
{"level":"info","message":"Successfully got data for 117150559798746952375","timestamp":"2025-02-27T01:48:57.095Z"}
{"level":"info","message":"TIMESTMPA","timestamp":"2025-02-27T01:48:57.095Z"}
{"level":"info","message":"Successfully got data for 117150559798746952375","timestamp":"2025-02-27T01:48:57.108Z"}
{"level":"info","message":"TIMESTMPA","timestamp":"2025-02-27T01:48:57.109Z"}
{"level":"info","message":"Successfully got data for 117150559798746952375","timestamp":"2025-02-27T01:48:57.121Z"}
{"level":"info","message":"Server is running on http://localhost:5000","timestamp":"2025-02-27T01:49:04.654Z"}
{"level":"info","message":"ClamAV initialized successfully on Windows!","timestamp":"2025-02-27T01:49:04.666Z"}
